Determining if the pthread_create exist failed with the following output:
Change Dir: /home/dguerra/aggregator/lidar/lidar_code/build/CMakeFiles/CMakeTmp

Run Build Command:/usr/bin/make "cmTryCompileExec4146851839/fast"
/usr/bin/make -f CMakeFiles/cmTryCompileExec4146851839.dir/build.make CMakeFiles/cmTryCompileExec4146851839.dir/build
make[1]: Entering directory `/home/dguerra/aggregator/lidar/lidar_code/build/CMakeFiles/CMakeTmp'
/usr/bin/cmake -E cmake_progress_report /home/dguerra/aggregator/lidar/lidar_code/build/CMakeFiles/CMakeTmp/CMakeFiles 1
Building C object CMakeFiles/cmTryCompileExec4146851839.dir/CheckSymbolExists.c.o
/usr/bin/cc    -o CMakeFiles/cmTryCompileExec4146851839.dir/CheckSymbolExists.c.o   -c /home/dguerra/aggregator/lidar/lidar_code/build/CMakeFiles/CMakeTmp/CheckSymbolExists.c
Linking C executable cmTryCompileExec4146851839
/usr/bin/cmake -E cmake_link_script CMakeFiles/cmTryCompileExec4146851839.dir/link.txt --verbose=1
/usr/bin/cc       CMakeFiles/cmTryCompileExec4146851839.dir/CheckSymbolExists.c.o  -o cmTryCompileExec4146851839 -rdynamic 
CMakeFiles/cmTryCompileExec4146851839.dir/CheckSymbolExists.c.o: In function `main':
CheckSymbolExists.c:(.text+0x16): undefined reference to `pthread_create'
collect2: error: ld returned 1 exit status
make[1]: Leaving directory `/home/dguerra/aggregator/lidar/lidar_code/build/CMakeFiles/CMakeTmp'
make[1]: *** [cmTryCompileExec4146851839] Error 1
make: *** [cmTryCompileExec4146851839/fast] Error 2

File /home/dguerra/aggregator/lidar/lidar_code/build/CMakeFiles/CMakeTmp/CheckSymbolExists.c:
/* */
#include <pthread.h>

int main(int argc, char** argv)
{
  (void)argv;
#ifndef pthread_create
  return ((int*)(&pthread_create))[argc];
#else
  (void)argc;
  return 0;
#endif
}

Determining if the function pthread_create exists in the pthreads failed with the following output:
Change Dir: /home/dguerra/aggregator/lidar/lidar_code/build/CMakeFiles/CMakeTmp

Run Build Command:/usr/bin/make "cmTryCompileExec2859596482/fast"
/usr/bin/make -f CMakeFiles/cmTryCompileExec2859596482.dir/build.make CMakeFiles/cmTryCompileExec2859596482.dir/build
make[1]: Entering directory `/home/dguerra/aggregator/lidar/lidar_code/build/CMakeFiles/CMakeTmp'
/usr/bin/cmake -E cmake_progress_report /home/dguerra/aggregator/lidar/lidar_code/build/CMakeFiles/CMakeTmp/CMakeFiles 1
Building C object CMakeFiles/cmTryCompileExec2859596482.dir/CheckFunctionExists.c.o
/usr/bin/cc   -DCHECK_FUNCTION_EXISTS=pthread_create   -o CMakeFiles/cmTryCompileExec2859596482.dir/CheckFunctionExists.c.o   -c /usr/share/cmake-2.8/Modules/CheckFunctionExists.c
Linking C executable cmTryCompileExec2859596482
/usr/bin/cmake -E cmake_link_script CMakeFiles/cmTryCompileExec2859596482.dir/link.txt --verbose=1
/usr/bin/cc   -DCHECK_FUNCTION_EXISTS=pthread_create    CMakeFiles/cmTryCompileExec2859596482.dir/CheckFunctionExists.c.o  -o cmTryCompileExec2859596482 -rdynamic -lpthreads 
/usr/bin/ld: cannot find -lpthreads
collect2: error: ld returned 1 exit status
make[1]: Leaving directory `/home/dguerra/aggregator/lidar/lidar_code/build/CMakeFiles/CMakeTmp'
make[1]: *** [cmTryCompileExec2859596482] Error 1
make: *** [cmTryCompileExec2859596482/fast] Error 2


